[2018-11-10 21:37:54] local.ERROR: exception 'Symfony\Component\Debug\Exception\FatalErrorException' with message 'Namespace declaration statement has to be the very first statement in the script' in C:\wamp64\www\GestorImagenes\app\Http\Controllers\Validacion\ValidacionController.php:1
Stack trace:
#0 C:\wamp64\www\GestorImagenes\vendor\laravel\framework\src\Illuminate\Foundation\Bootstrap\HandleExceptions.php(131): Symfony\Component\Debug\Exception\FatalErrorException->__construct()
#1 C:\wamp64\www\GestorImagenes\vendor\laravel\framework\src\Illuminate\Foundation\Bootstrap\HandleExceptions.php(116): Illuminate\Foundation\Bootstrap\HandleExceptions->fatalExceptionFromError()
#2 C:\wamp64\www\GestorImagenes\vendor\laravel\framework\src\Illuminate\Foundation\Bootstrap\HandleExceptions.php(0): Illuminate\Foundation\Bootstrap\HandleExceptions->handleShutdown()
#3 C:\wamp64\www\GestorImagenes\vendor\composer\ClassLoader.php(322): Composer\Autoload\includeFile()
#4 C:\wamp64\www\GestorImagenes\vendor\laravel\framework\src\Illuminate\Routing\ControllerInspector.php(29): Composer\Autoload\ClassLoader->loadClass()
#5 C:\wamp64\www\GestorImagenes\vendor\laravel\framework\src\Illuminate\Routing\ControllerInspector.php(29): spl_autoload_call()
#6 C:\wamp64\www\GestorImagenes\vendor\laravel\framework\src\Illuminate\Routing\ControllerInspector.php(29): ReflectionClass->__construct()
#7 C:\wamp64\www\GestorImagenes\vendor\laravel\framework\src\Illuminate\Routing\Router.php(251): Illuminate\Routing\ControllerInspector->getRoutable()
#8 C:\wamp64\www\GestorImagenes\vendor\laravel\framework\src\Illuminate\Routing\Router.php(226): Illuminate\Routing\Router->controller()
#9 C:\wamp64\www\GestorImagenes\vendor\laravel\framework\src\Illuminate\Support\Facades\Facade.php(210): Illuminate\Routing\Router->controllers()
#10 C:\wamp64\www\GestorImagenes\app\Http\routes.php(25): Illuminate\Support\Facades\Facade::__callStatic()
#11 C:\wamp64\www\GestorImagenes\app\Http\routes.php(25): Illuminate\Support\Facades\Route::controllers()
#12 C:\wamp64\www\GestorImagenes\app\Providers\RouteServiceProvider.php(40): ()
#13 C:\wamp64\www\GestorImagenes\vendor\laravel\framework\src\Illuminate\Routing\Router.php(352): GestorImagenes\Providers\RouteServiceProvider->GestorImagenes\Providers\{closure}()
#14 C:\wamp64\www\GestorImagenes\vendor\laravel\framework\src\Illuminate\Routing\Router.php(352): call_user_func:{C:\wamp64\www\GestorImagenes\vendor\laravel\framework\src\Illuminate\Routing\Router.php:352}()
#15 C:\wamp64\www\GestorImagenes\app\Providers\RouteServiceProvider.php(41): Illuminate\Routing\Router->group()
#16 C:\wamp64\www\GestorImagenes\vendor\laravel\framework\src\Illuminate\Container\Container.php(526): GestorImagenes\Providers\RouteServiceProvider->map()
#17 C:\wamp64\www\GestorImagenes\vendor\laravel\framework\src\Illuminate\Container\Container.php(526): call_user_func_array:{C:\wamp64\www\GestorImagenes\vendor\laravel\framework\src\Illuminate\Container\Container.php:526}()
#18 C:\wamp64\www\GestorImagenes\vendor\laravel\framework\src\Illuminate\Foundation\Support\Providers\RouteServiceProvider.php(68): Illuminate\Container\Container->call()
#19 C:\wamp64\www\GestorImagenes\vendor\laravel\framework\src\Illuminate\Foundation\Support\Providers\RouteServiceProvider.php(31): Illuminate\Foundation\Support\Providers\RouteServiceProvider->loadRoutes()
#20 C:\wamp64\www\GestorImagenes\app\Providers\RouteServiceProvider.php(25): Illuminate\Foundation\Support\Providers\RouteServiceProvider->boot()
#21 C:\wamp64\www\GestorImagenes\vendor\laravel\framework\src\Illuminate\Container\Container.php(526): GestorImagenes\Providers\RouteServiceProvider->boot()
#22 C:\wamp64\www\GestorImagenes\vendor\laravel\framework\src\Illuminate\Container\Container.php(526): call_user_func_array:{C:\wamp64\www\GestorImagenes\vendor\laravel\framework\src\Illuminate\Container\Container.php:526}()
#23 C:\wamp64\www\GestorImagenes\vendor\laravel\framework\src\Illuminate\Foundation\Application.php(703): Illuminate\Container\Container->call()
#24 C:\wamp64\www\GestorImagenes\vendor\laravel\framework\src\Illuminate\Foundation\Application.php(685): Illuminate\Foundation\Application->bootProvider()
#25 C:\wamp64\www\GestorImagenes\vendor\laravel\framework\src\Illuminate\Foundation\Application.php(686): Illuminate\Foundation\Application->Illuminate\Foundation\{closure}()
#26 C:\wamp64\www\GestorImagenes\vendor\laravel\framework\src\Illuminate\Foundation\Application.php(686): array_walk()
#27 C:\wamp64\www\GestorImagenes\vendor\laravel\framework\src\Illuminate\Foundation\Bootstrap\BootProviders.php(15): Illuminate\Foundation\Application->boot()
#28 C:\wamp64\www\GestorImagenes\vendor\laravel\framework\src\Illuminate\Foundation\Application.php(183): Illuminate\Foundation\Bootstrap\BootProviders->bootstrap()
#29 C:\wamp64\www\GestorImagenes\vendor\laravel\framework\src\Illuminate\Foundation\Http\Kernel.php(199): Illuminate\Foundation\Application->bootstrapWith()
#30 C:\wamp64\www\GestorImagenes\vendor\laravel\framework\src\Illuminate\Foundation\Http\Kernel.php(110): Illuminate\Foundation\Http\Kernel->bootstrap()
#31 C:\wamp64\www\GestorImagenes\vendor\laravel\framework\src\Illuminate\Foundation\Http\Kernel.php(84): Illuminate\Foundation\Http\Kernel->sendRequestThroughRouter()
#32 C:\wamp64\www\GestorImagenes\public\index.php(53): Illuminate\Foundation\Http\Kernel->handle()
#33 C:\wamp64\www\GestorImagenes\public\index.php(0): {main}()
#34 {main}  
[2018-11-10 21:37:54] local.ERROR: exception 'Symfony\Component\Debug\Exception\FatalErrorException' with message 'Namespace declaration statement has to be the very first statement in the script' in C:\wamp64\www\GestorImagenes\app\Http\Controllers\Validacion\ValidacionController.php:1
Stack trace:
#0 C:\wamp64\www\GestorImagenes\vendor\laravel\framework\src\Illuminate\Foundation\Bootstrap\HandleExceptions.php(131): Symfony\Component\Debug\Exception\FatalErrorException->__construct()
#1 C:\wamp64\www\GestorImagenes\vendor\laravel\framework\src\Illuminate\Foundation\Bootstrap\HandleExceptions.php(116): Illuminate\Foundation\Bootstrap\HandleExceptions->fatalExceptionFromError()
#2 C:\wamp64\www\GestorImagenes\vendor\laravel\framework\src\Illuminate\Foundation\Bootstrap\HandleExceptions.php(0): Illuminate\Foundation\Bootstrap\HandleExceptions->handleShutdown()
#3 C:\wamp64\www\GestorImagenes\vendor\composer\ClassLoader.php(322): Composer\Autoload\includeFile()
#4 C:\wamp64\www\GestorImagenes\vendor\laravel\framework\src\Illuminate\Routing\ControllerInspector.php(29): Composer\Autoload\ClassLoader->loadClass()
#5 C:\wamp64\www\GestorImagenes\vendor\laravel\framework\src\Illuminate\Routing\ControllerInspector.php(29): spl_autoload_call()
#6 C:\wamp64\www\GestorImagenes\vendor\laravel\framework\src\Illuminate\Routing\ControllerInspector.php(29): ReflectionClass->__construct()
#7 C:\wamp64\www\GestorImagenes\vendor\laravel\framework\src\Illuminate\Routing\Router.php(251): Illuminate\Routing\ControllerInspector->getRoutable()
#8 C:\wamp64\www\GestorImagenes\vendor\laravel\framework\src\Illuminate\Routing\Router.php(226): Illuminate\Routing\Router->controller()
#9 C:\wamp64\www\GestorImagenes\vendor\laravel\framework\src\Illuminate\Support\Facades\Facade.php(210): Illuminate\Routing\Router->controllers()
#10 C:\wamp64\www\GestorImagenes\app\Http\routes.php(25): Illuminate\Support\Facades\Facade::__callStatic()
#11 C:\wamp64\www\GestorImagenes\app\Http\routes.php(25): Illuminate\Support\Facades\Route::controllers()
#12 C:\wamp64\www\GestorImagenes\app\Providers\RouteServiceProvider.php(40): ()
#13 C:\wamp64\www\GestorImagenes\vendor\laravel\framework\src\Illuminate\Routing\Router.php(352): GestorImagenes\Providers\RouteServiceProvider->GestorImagenes\Providers\{closure}()
#14 C:\wamp64\www\GestorImagenes\vendor\laravel\framework\src\Illuminate\Routing\Router.php(352): call_user_func:{C:\wamp64\www\GestorImagenes\vendor\laravel\framework\src\Illuminate\Routing\Router.php:352}()
#15 C:\wamp64\www\GestorImagenes\app\Providers\RouteServiceProvider.php(41): Illuminate\Routing\Router->group()
#16 C:\wamp64\www\GestorImagenes\vendor\laravel\framework\src\Illuminate\Container\Container.php(526): GestorImagenes\Providers\RouteServiceProvider->map()
#17 C:\wamp64\www\GestorImagenes\vendor\laravel\framework\src\Illuminate\Container\Container.php(526): call_user_func_array:{C:\wamp64\www\GestorImagenes\vendor\laravel\framework\src\Illuminate\Container\Container.php:526}()
#18 C:\wamp64\www\GestorImagenes\vendor\laravel\framework\src\Illuminate\Foundation\Support\Providers\RouteServiceProvider.php(68): Illuminate\Container\Container->call()
#19 C:\wamp64\www\GestorImagenes\vendor\laravel\framework\src\Illuminate\Foundation\Support\Providers\RouteServiceProvider.php(31): Illuminate\Foundation\Support\Providers\RouteServiceProvider->loadRoutes()
#20 C:\wamp64\www\GestorImagenes\app\Providers\RouteServiceProvider.php(25): Illuminate\Foundation\Support\Providers\RouteServiceProvider->boot()
#21 C:\wamp64\www\GestorImagenes\vendor\laravel\framework\src\Illuminate\Container\Container.php(526): GestorImagenes\Providers\RouteServiceProvider->boot()
#22 C:\wamp64\www\GestorImagenes\vendor\laravel\framework\src\Illuminate\Container\Container.php(526): call_user_func_array:{C:\wamp64\www\GestorImagenes\vendor\laravel\framework\src\Illuminate\Container\Container.php:526}()
#23 C:\wamp64\www\GestorImagenes\vendor\laravel\framework\src\Illuminate\Foundation\Application.php(703): Illuminate\Container\Container->call()
#24 C:\wamp64\www\GestorImagenes\vendor\laravel\framework\src\Illuminate\Foundation\Application.php(685): Illuminate\Foundation\Application->bootProvider()
#25 C:\wamp64\www\GestorImagenes\vendor\laravel\framework\src\Illuminate\Foundation\Application.php(686): Illuminate\Foundation\Application->Illuminate\Foundation\{closure}()
#26 C:\wamp64\www\GestorImagenes\vendor\laravel\framework\src\Illuminate\Foundation\Application.php(686): array_walk()
#27 C:\wamp64\www\GestorImagenes\vendor\laravel\framework\src\Illuminate\Foundation\Bootstrap\BootProviders.php(15): Illuminate\Foundation\Application->boot()
#28 C:\wamp64\www\GestorImagenes\vendor\laravel\framework\src\Illuminate\Foundation\Application.php(183): Illuminate\Foundation\Bootstrap\BootProviders->bootstrap()
#29 C:\wamp64\www\GestorImagenes\vendor\laravel\framework\src\Illuminate\Foundation\Http\Kernel.php(199): Illuminate\Foundation\Application->bootstrapWith()
#30 C:\wamp64\www\GestorImagenes\vendor\laravel\framework\src\Illuminate\Foundation\Http\Kernel.php(110): Illuminate\Foundation\Http\Kernel->bootstrap()
#31 C:\wamp64\www\GestorImagenes\vendor\laravel\framework\src\Illuminate\Foundation\Http\Kernel.php(84): Illuminate\Foundation\Http\Kernel->sendRequestThroughRouter()
#32 C:\wamp64\www\GestorImagenes\public\index.php(53): Illuminate\Foundation\Http\Kernel->handle()
#33 C:\wamp64\www\GestorImagenes\public\index.php(0): {main}()
#34 {main}  
[2018-11-10 21:39:08] local.ERROR: exception 'Symfony\Component\Debug\Exception\FatalErrorException' with message 'Namespace declaration statement has to be the very first statement in the script' in C:\wamp64\www\GestorImagenes\app\Http\Controllers\Validacion\ValidacionController.php:1
Stack trace:
#0 C:\wamp64\www\GestorImagenes\vendor\laravel\framework\src\Illuminate\Foundation\Bootstrap\HandleExceptions.php(131): Symfony\Component\Debug\Exception\FatalErrorException->__construct()
#1 C:\wamp64\www\GestorImagenes\vendor\laravel\framework\src\Illuminate\Foundation\Bootstrap\HandleExceptions.php(116): Illuminate\Foundation\Bootstrap\HandleExceptions->fatalExceptionFromError()
#2 C:\wamp64\www\GestorImagenes\vendor\laravel\framework\src\Illuminate\Foundation\Bootstrap\HandleExceptions.php(0): Illuminate\Foundation\Bootstrap\HandleExceptions->handleShutdown()
#3 C:\wamp64\www\GestorImagenes\vendor\composer\ClassLoader.php(322): Composer\Autoload\includeFile()
#4 C:\wamp64\www\GestorImagenes\vendor\laravel\framework\src\Illuminate\Routing\ControllerInspector.php(29): Composer\Autoload\ClassLoader->loadClass()
#5 C:\wamp64\www\GestorImagenes\vendor\laravel\framework\src\Illuminate\Routing\ControllerInspector.php(29): spl_autoload_call()
#6 C:\wamp64\www\GestorImagenes\vendor\laravel\framework\src\Illuminate\Routing\ControllerInspector.php(29): ReflectionClass->__construct()
#7 C:\wamp64\www\GestorImagenes\vendor\laravel\framework\src\Illuminate\Routing\Router.php(251): Illuminate\Routing\ControllerInspector->getRoutable()
#8 C:\wamp64\www\GestorImagenes\vendor\laravel\framework\src\Illuminate\Routing\Router.php(226): Illuminate\Routing\Router->controller()
#9 C:\wamp64\www\GestorImagenes\vendor\laravel\framework\src\Illuminate\Support\Facades\Facade.php(210): Illuminate\Routing\Router->controllers()
#10 C:\wamp64\www\GestorImagenes\app\Http\routes.php(25): Illuminate\Support\Facades\Facade::__callStatic()
#11 C:\wamp64\www\GestorImagenes\app\Http\routes.php(25): Illuminate\Support\Facades\Route::controllers()
#12 C:\wamp64\www\GestorImagenes\app\Providers\RouteServiceProvider.php(40): ()
#13 C:\wamp64\www\GestorImagenes\vendor\laravel\framework\src\Illuminate\Routing\Router.php(352): GestorImagenes\Providers\RouteServiceProvider->GestorImagenes\Providers\{closure}()
#14 C:\wamp64\www\GestorImagenes\vendor\laravel\framework\src\Illuminate\Routing\Router.php(352): call_user_func:{C:\wamp64\www\GestorImagenes\vendor\laravel\framework\src\Illuminate\Routing\Router.php:352}()
#15 C:\wamp64\www\GestorImagenes\app\Providers\RouteServiceProvider.php(41): Illuminate\Routing\Router->group()
#16 C:\wamp64\www\GestorImagenes\vendor\laravel\framework\src\Illuminate\Container\Container.php(526): GestorImagenes\Providers\RouteServiceProvider->map()
#17 C:\wamp64\www\GestorImagenes\vendor\laravel\framework\src\Illuminate\Container\Container.php(526): call_user_func_array:{C:\wamp64\www\GestorImagenes\vendor\laravel\framework\src\Illuminate\Container\Container.php:526}()
#18 C:\wamp64\www\GestorImagenes\vendor\laravel\framework\src\Illuminate\Foundation\Support\Providers\RouteServiceProvider.php(68): Illuminate\Container\Container->call()
#19 C:\wamp64\www\GestorImagenes\vendor\laravel\framework\src\Illuminate\Foundation\Support\Providers\RouteServiceProvider.php(31): Illuminate\Foundation\Support\Providers\RouteServiceProvider->loadRoutes()
#20 C:\wamp64\www\GestorImagenes\app\Providers\RouteServiceProvider.php(25): Illuminate\Foundation\Support\Providers\RouteServiceProvider->boot()
#21 C:\wamp64\www\GestorImagenes\vendor\laravel\framework\src\Illuminate\Container\Container.php(526): GestorImagenes\Providers\RouteServiceProvider->boot()
#22 C:\wamp64\www\GestorImagenes\vendor\laravel\framework\src\Illuminate\Container\Container.php(526): call_user_func_array:{C:\wamp64\www\GestorImagenes\vendor\laravel\framework\src\Illuminate\Container\Container.php:526}()
#23 C:\wamp64\www\GestorImagenes\vendor\laravel\framework\src\Illuminate\Foundation\Application.php(703): Illuminate\Container\Container->call()
#24 C:\wamp64\www\GestorImagenes\vendor\laravel\framework\src\Illuminate\Foundation\Application.php(685): Illuminate\Foundation\Application->bootProvider()
#25 C:\wamp64\www\GestorImagenes\vendor\laravel\framework\src\Illuminate\Foundation\Application.php(686): Illuminate\Foundation\Application->Illuminate\Foundation\{closure}()
#26 C:\wamp64\www\GestorImagenes\vendor\laravel\framework\src\Illuminate\Foundation\Application.php(686): array_walk()
#27 C:\wamp64\www\GestorImagenes\vendor\laravel\framework\src\Illuminate\Foundation\Bootstrap\BootProviders.php(15): Illuminate\Foundation\Application->boot()
#28 C:\wamp64\www\GestorImagenes\vendor\laravel\framework\src\Illuminate\Foundation\Application.php(183): Illuminate\Foundation\Bootstrap\BootProviders->bootstrap()
#29 C:\wamp64\www\GestorImagenes\vendor\laravel\framework\src\Illuminate\Foundation\Http\Kernel.php(199): Illuminate\Foundation\Application->bootstrapWith()
#30 C:\wamp64\www\GestorImagenes\vendor\laravel\framework\src\Illuminate\Foundation\Http\Kernel.php(110): Illuminate\Foundation\Http\Kernel->bootstrap()
#31 C:\wamp64\www\GestorImagenes\vendor\laravel\framework\src\Illuminate\Foundation\Http\Kernel.php(84): Illuminate\Foundation\Http\Kernel->sendRequestThroughRouter()
#32 C:\wamp64\www\GestorImagenes\public\index.php(53): Illuminate\Foundation\Http\Kernel->handle()
#33 C:\wamp64\www\GestorImagenes\public\index.php(0): {main}()
#34 {main}  
[2018-11-10 21:40:22] local.ERROR: exception 'Symfony\Component\Debug\Exception\FatalErrorException' with message 'Namespace declaration statement has to be the very first statement in the script' in C:\wamp64\www\GestorImagenes\app\Http\Controllers\Validacion\ValidacionController.php:1
Stack trace:
#0 C:\wamp64\www\GestorImagenes\vendor\laravel\framework\src\Illuminate\Foundation\Bootstrap\HandleExceptions.php(131): Symfony\Component\Debug\Exception\FatalErrorException->__construct()
#1 C:\wamp64\www\GestorImagenes\vendor\laravel\framework\src\Illuminate\Foundation\Bootstrap\HandleExceptions.php(116): Illuminate\Foundation\Bootstrap\HandleExceptions->fatalExceptionFromError()
#2 C:\wamp64\www\GestorImagenes\vendor\laravel\framework\src\Illuminate\Foundation\Bootstrap\HandleExceptions.php(0): Illuminate\Foundation\Bootstrap\HandleExceptions->handleShutdown()
#3 C:\wamp64\www\GestorImagenes\vendor\composer\ClassLoader.php(322): Composer\Autoload\includeFile()
#4 C:\wamp64\www\GestorImagenes\vendor\laravel\framework\src\Illuminate\Routing\ControllerInspector.php(29): Composer\Autoload\ClassLoader->loadClass()
#5 C:\wamp64\www\GestorImagenes\vendor\laravel\framework\src\Illuminate\Routing\ControllerInspector.php(29): spl_autoload_call()
#6 C:\wamp64\www\GestorImagenes\vendor\laravel\framework\src\Illuminate\Routing\ControllerInspector.php(29): ReflectionClass->__construct()
#7 C:\wamp64\www\GestorImagenes\vendor\laravel\framework\src\Illuminate\Routing\Router.php(251): Illuminate\Routing\ControllerInspector->getRoutable()
#8 C:\wamp64\www\GestorImagenes\vendor\laravel\framework\src\Illuminate\Routing\Router.php(226): Illuminate\Routing\Router->controller()
#9 C:\wamp64\www\GestorImagenes\vendor\laravel\framework\src\Illuminate\Support\Facades\Facade.php(210): Illuminate\Routing\Router->controllers()
#10 C:\wamp64\www\GestorImagenes\app\Http\routes.php(25): Illuminate\Support\Facades\Facade::__callStatic()
#11 C:\wamp64\www\GestorImagenes\app\Http\routes.php(25): Illuminate\Support\Facades\Route::controllers()
#12 C:\wamp64\www\GestorImagenes\app\Providers\RouteServiceProvider.php(40): ()
#13 C:\wamp64\www\GestorImagenes\vendor\laravel\framework\src\Illuminate\Routing\Router.php(352): GestorImagenes\Providers\RouteServiceProvider->GestorImagenes\Providers\{closure}()
#14 C:\wamp64\www\GestorImagenes\vendor\laravel\framework\src\Illuminate\Routing\Router.php(352): call_user_func:{C:\wamp64\www\GestorImagenes\vendor\laravel\framework\src\Illuminate\Routing\Router.php:352}()
#15 C:\wamp64\www\GestorImagenes\app\Providers\RouteServiceProvider.php(41): Illuminate\Routing\Router->group()
#16 C:\wamp64\www\GestorImagenes\vendor\laravel\framework\src\Illuminate\Container\Container.php(526): GestorImagenes\Providers\RouteServiceProvider->map()
#17 C:\wamp64\www\GestorImagenes\vendor\laravel\framework\src\Illuminate\Container\Container.php(526): call_user_func_array:{C:\wamp64\www\GestorImagenes\vendor\laravel\framework\src\Illuminate\Container\Container.php:526}()
#18 C:\wamp64\www\GestorImagenes\vendor\laravel\framework\src\Illuminate\Foundation\Support\Providers\RouteServiceProvider.php(68): Illuminate\Container\Container->call()
#19 C:\wamp64\www\GestorImagenes\vendor\laravel\framework\src\Illuminate\Foundation\Support\Providers\RouteServiceProvider.php(31): Illuminate\Foundation\Support\Providers\RouteServiceProvider->loadRoutes()
#20 C:\wamp64\www\GestorImagenes\app\Providers\RouteServiceProvider.php(25): Illuminate\Foundation\Support\Providers\RouteServiceProvider->boot()
#21 C:\wamp64\www\GestorImagenes\vendor\laravel\framework\src\Illuminate\Container\Container.php(526): GestorImagenes\Providers\RouteServiceProvider->boot()
#22 C:\wamp64\www\GestorImagenes\vendor\laravel\framework\src\Illuminate\Container\Container.php(526): call_user_func_array:{C:\wamp64\www\GestorImagenes\vendor\laravel\framework\src\Illuminate\Container\Container.php:526}()
#23 C:\wamp64\www\GestorImagenes\vendor\laravel\framework\src\Illuminate\Foundation\Application.php(703): Illuminate\Container\Container->call()
#24 C:\wamp64\www\GestorImagenes\vendor\laravel\framework\src\Illuminate\Foundation\Application.php(685): Illuminate\Foundation\Application->bootProvider()
#25 C:\wamp64\www\GestorImagenes\vendor\laravel\framework\src\Illuminate\Foundation\Application.php(686): Illuminate\Foundation\Application->Illuminate\Foundation\{closure}()
#26 C:\wamp64\www\GestorImagenes\vendor\laravel\framework\src\Illuminate\Foundation\Application.php(686): array_walk()
#27 C:\wamp64\www\GestorImagenes\vendor\laravel\framework\src\Illuminate\Foundation\Bootstrap\BootProviders.php(15): Illuminate\Foundation\Application->boot()
#28 C:\wamp64\www\GestorImagenes\vendor\laravel\framework\src\Illuminate\Foundation\Application.php(183): Illuminate\Foundation\Bootstrap\BootProviders->bootstrap()
#29 C:\wamp64\www\GestorImagenes\vendor\laravel\framework\src\Illuminate\Foundation\Http\Kernel.php(199): Illuminate\Foundation\Application->bootstrapWith()
#30 C:\wamp64\www\GestorImagenes\vendor\laravel\framework\src\Illuminate\Foundation\Http\Kernel.php(110): Illuminate\Foundation\Http\Kernel->bootstrap()
#31 C:\wamp64\www\GestorImagenes\vendor\laravel\framework\src\Illuminate\Foundation\Http\Kernel.php(84): Illuminate\Foundation\Http\Kernel->sendRequestThroughRouter()
#32 C:\wamp64\www\GestorImagenes\public\index.php(53): Illuminate\Foundation\Http\Kernel->handle()
#33 C:\wamp64\www\GestorImagenes\public\index.php(0): {main}()
#34 {main}  
[2018-11-10 21:40:27] local.ERROR: exception 'Symfony\Component\Debug\Exception\FatalErrorException' with message 'Namespace declaration statement has to be the very first statement in the script' in C:\wamp64\www\GestorImagenes\app\Http\Controllers\Validacion\ValidacionController.php:1
Stack trace:
#0 C:\wamp64\www\GestorImagenes\vendor\laravel\framework\src\Illuminate\Foundation\Bootstrap\HandleExceptions.php(131): Symfony\Component\Debug\Exception\FatalErrorException->__construct()
#1 C:\wamp64\www\GestorImagenes\vendor\laravel\framework\src\Illuminate\Foundation\Bootstrap\HandleExceptions.php(116): Illuminate\Foundation\Bootstrap\HandleExceptions->fatalExceptionFromError()
#2 C:\wamp64\www\GestorImagenes\vendor\laravel\framework\src\Illuminate\Foundation\Bootstrap\HandleExceptions.php(0): Illuminate\Foundation\Bootstrap\HandleExceptions->handleShutdown()
#3 C:\wamp64\www\GestorImagenes\vendor\composer\ClassLoader.php(322): Composer\Autoload\includeFile()
#4 C:\wamp64\www\GestorImagenes\vendor\laravel\framework\src\Illuminate\Routing\ControllerInspector.php(29): Composer\Autoload\ClassLoader->loadClass()
#5 C:\wamp64\www\GestorImagenes\vendor\laravel\framework\src\Illuminate\Routing\ControllerInspector.php(29): spl_autoload_call()
#6 C:\wamp64\www\GestorImagenes\vendor\laravel\framework\src\Illuminate\Routing\ControllerInspector.php(29): ReflectionClass->__construct()
#7 C:\wamp64\www\GestorImagenes\vendor\laravel\framework\src\Illuminate\Routing\Router.php(251): Illuminate\Routing\ControllerInspector->getRoutable()
#8 C:\wamp64\www\GestorImagenes\vendor\laravel\framework\src\Illuminate\Routing\Router.php(226): Illuminate\Routing\Router->controller()
#9 C:\wamp64\www\GestorImagenes\vendor\laravel\framework\src\Illuminate\Support\Facades\Facade.php(210): Illuminate\Routing\Router->controllers()
#10 C:\wamp64\www\GestorImagenes\app\Http\routes.php(25): Illuminate\Support\Facades\Facade::__callStatic()
#11 C:\wamp64\www\GestorImagenes\app\Http\routes.php(25): Illuminate\Support\Facades\Route::controllers()
#12 C:\wamp64\www\GestorImagenes\app\Providers\RouteServiceProvider.php(40): ()
#13 C:\wamp64\www\GestorImagenes\vendor\laravel\framework\src\Illuminate\Routing\Router.php(352): GestorImagenes\Providers\RouteServiceProvider->GestorImagenes\Providers\{closure}()
#14 C:\wamp64\www\GestorImagenes\vendor\laravel\framework\src\Illuminate\Routing\Router.php(352): call_user_func:{C:\wamp64\www\GestorImagenes\vendor\laravel\framework\src\Illuminate\Routing\Router.php:352}()
#15 C:\wamp64\www\GestorImagenes\app\Providers\RouteServiceProvider.php(41): Illuminate\Routing\Router->group()
#16 C:\wamp64\www\GestorImagenes\vendor\laravel\framework\src\Illuminate\Container\Container.php(526): GestorImagenes\Providers\RouteServiceProvider->map()
#17 C:\wamp64\www\GestorImagenes\vendor\laravel\framework\src\Illuminate\Container\Container.php(526): call_user_func_array:{C:\wamp64\www\GestorImagenes\vendor\laravel\framework\src\Illuminate\Container\Container.php:526}()
#18 C:\wamp64\www\GestorImagenes\vendor\laravel\framework\src\Illuminate\Foundation\Support\Providers\RouteServiceProvider.php(68): Illuminate\Container\Container->call()
#19 C:\wamp64\www\GestorImagenes\vendor\laravel\framework\src\Illuminate\Foundation\Support\Providers\RouteServiceProvider.php(31): Illuminate\Foundation\Support\Providers\RouteServiceProvider->loadRoutes()
#20 C:\wamp64\www\GestorImagenes\app\Providers\RouteServiceProvider.php(25): Illuminate\Foundation\Support\Providers\RouteServiceProvider->boot()
#21 C:\wamp64\www\GestorImagenes\vendor\laravel\framework\src\Illuminate\Container\Container.php(526): GestorImagenes\Providers\RouteServiceProvider->boot()
#22 C:\wamp64\www\GestorImagenes\vendor\laravel\framework\src\Illuminate\Container\Container.php(526): call_user_func_array:{C:\wamp64\www\GestorImagenes\vendor\laravel\framework\src\Illuminate\Container\Container.php:526}()
#23 C:\wamp64\www\GestorImagenes\vendor\laravel\framework\src\Illuminate\Foundation\Application.php(703): Illuminate\Container\Container->call()
#24 C:\wamp64\www\GestorImagenes\vendor\laravel\framework\src\Illuminate\Foundation\Application.php(685): Illuminate\Foundation\Application->bootProvider()
#25 C:\wamp64\www\GestorImagenes\vendor\laravel\framework\src\Illuminate\Foundation\Application.php(686): Illuminate\Foundation\Application->Illuminate\Foundation\{closure}()
#26 C:\wamp64\www\GestorImagenes\vendor\laravel\framework\src\Illuminate\Foundation\Application.php(686): array_walk()
#27 C:\wamp64\www\GestorImagenes\vendor\laravel\framework\src\Illuminate\Foundation\Bootstrap\BootProviders.php(15): Illuminate\Foundation\Application->boot()
#28 C:\wamp64\www\GestorImagenes\vendor\laravel\framework\src\Illuminate\Foundation\Application.php(183): Illuminate\Foundation\Bootstrap\BootProviders->bootstrap()
#29 C:\wamp64\www\GestorImagenes\vendor\laravel\framework\src\Illuminate\Foundation\Http\Kernel.php(199): Illuminate\Foundation\Application->bootstrapWith()
#30 C:\wamp64\www\GestorImagenes\vendor\laravel\framework\src\Illuminate\Foundation\Http\Kernel.php(110): Illuminate\Foundation\Http\Kernel->bootstrap()
#31 C:\wamp64\www\GestorImagenes\vendor\laravel\framework\src\Illuminate\Foundation\Http\Kernel.php(84): Illuminate\Foundation\Http\Kernel->sendRequestThroughRouter()
#32 C:\wamp64\www\GestorImagenes\public\index.php(53): Illuminate\Foundation\Http\Kernel->handle()
#33 C:\wamp64\www\GestorImagenes\public\index.php(0): {main}()
#34 {main}  
[2018-11-10 21:40:31] local.ERROR: exception 'Symfony\Component\Debug\Exception\FatalErrorException' with message 'Namespace declaration statement has to be the very first statement in the script' in C:\wamp64\www\GestorImagenes\app\Http\Controllers\Validacion\ValidacionController.php:1
Stack trace:
#0 C:\wamp64\www\GestorImagenes\vendor\laravel\framework\src\Illuminate\Foundation\Bootstrap\HandleExceptions.php(131): Symfony\Component\Debug\Exception\FatalErrorException->__construct()
#1 C:\wamp64\www\GestorImagenes\vendor\laravel\framework\src\Illuminate\Foundation\Bootstrap\HandleExceptions.php(116): Illuminate\Foundation\Bootstrap\HandleExceptions->fatalExceptionFromError()
#2 C:\wamp64\www\GestorImagenes\vendor\laravel\framework\src\Illuminate\Foundation\Bootstrap\HandleExceptions.php(0): Illuminate\Foundation\Bootstrap\HandleExceptions->handleShutdown()
#3 C:\wamp64\www\GestorImagenes\vendor\composer\ClassLoader.php(322): Composer\Autoload\includeFile()
#4 C:\wamp64\www\GestorImagenes\vendor\laravel\framework\src\Illuminate\Routing\ControllerInspector.php(29): Composer\Autoload\ClassLoader->loadClass()
#5 C:\wamp64\www\GestorImagenes\vendor\laravel\framework\src\Illuminate\Routing\ControllerInspector.php(29): spl_autoload_call()
#6 C:\wamp64\www\GestorImagenes\vendor\laravel\framework\src\Illuminate\Routing\ControllerInspector.php(29): ReflectionClass->__construct()
#7 C:\wamp64\www\GestorImagenes\vendor\laravel\framework\src\Illuminate\Routing\Router.php(251): Illuminate\Routing\ControllerInspector->getRoutable()
#8 C:\wamp64\www\GestorImagenes\vendor\laravel\framework\src\Illuminate\Routing\Router.php(226): Illuminate\Routing\Router->controller()
#9 C:\wamp64\www\GestorImagenes\vendor\laravel\framework\src\Illuminate\Support\Facades\Facade.php(210): Illuminate\Routing\Router->controllers()
#10 C:\wamp64\www\GestorImagenes\app\Http\routes.php(25): Illuminate\Support\Facades\Facade::__callStatic()
#11 C:\wamp64\www\GestorImagenes\app\Http\routes.php(25): Illuminate\Support\Facades\Route::controllers()
#12 C:\wamp64\www\GestorImagenes\app\Providers\RouteServiceProvider.php(40): ()
#13 C:\wamp64\www\GestorImagenes\vendor\laravel\framework\src\Illuminate\Routing\Router.php(352): GestorImagenes\Providers\RouteServiceProvider->GestorImagenes\Providers\{closure}()
#14 C:\wamp64\www\GestorImagenes\vendor\laravel\framework\src\Illuminate\Routing\Router.php(352): call_user_func:{C:\wamp64\www\GestorImagenes\vendor\laravel\framework\src\Illuminate\Routing\Router.php:352}()
#15 C:\wamp64\www\GestorImagenes\app\Providers\RouteServiceProvider.php(41): Illuminate\Routing\Router->group()
#16 C:\wamp64\www\GestorImagenes\vendor\laravel\framework\src\Illuminate\Container\Container.php(526): GestorImagenes\Providers\RouteServiceProvider->map()
#17 C:\wamp64\www\GestorImagenes\vendor\laravel\framework\src\Illuminate\Container\Container.php(526): call_user_func_array:{C:\wamp64\www\GestorImagenes\vendor\laravel\framework\src\Illuminate\Container\Container.php:526}()
#18 C:\wamp64\www\GestorImagenes\vendor\laravel\framework\src\Illuminate\Foundation\Support\Providers\RouteServiceProvider.php(68): Illuminate\Container\Container->call()
#19 C:\wamp64\www\GestorImagenes\vendor\laravel\framework\src\Illuminate\Foundation\Support\Providers\RouteServiceProvider.php(31): Illuminate\Foundation\Support\Providers\RouteServiceProvider->loadRoutes()
#20 C:\wamp64\www\GestorImagenes\app\Providers\RouteServiceProvider.php(25): Illuminate\Foundation\Support\Providers\RouteServiceProvider->boot()
#21 C:\wamp64\www\GestorImagenes\vendor\laravel\framework\src\Illuminate\Container\Container.php(526): GestorImagenes\Providers\RouteServiceProvider->boot()
#22 C:\wamp64\www\GestorImagenes\vendor\laravel\framework\src\Illuminate\Container\Container.php(526): call_user_func_array:{C:\wamp64\www\GestorImagenes\vendor\laravel\framework\src\Illuminate\Container\Container.php:526}()
#23 C:\wamp64\www\GestorImagenes\vendor\laravel\framework\src\Illuminate\Foundation\Application.php(703): Illuminate\Container\Container->call()
#24 C:\wamp64\www\GestorImagenes\vendor\laravel\framework\src\Illuminate\Foundation\Application.php(685): Illuminate\Foundation\Application->bootProvider()
#25 C:\wamp64\www\GestorImagenes\vendor\laravel\framework\src\Illuminate\Foundation\Application.php(686): Illuminate\Foundation\Application->Illuminate\Foundation\{closure}()
#26 C:\wamp64\www\GestorImagenes\vendor\laravel\framework\src\Illuminate\Foundation\Application.php(686): array_walk()
#27 C:\wamp64\www\GestorImagenes\vendor\laravel\framework\src\Illuminate\Foundation\Bootstrap\BootProviders.php(15): Illuminate\Foundation\Application->boot()
#28 C:\wamp64\www\GestorImagenes\vendor\laravel\framework\src\Illuminate\Foundation\Application.php(183): Illuminate\Foundation\Bootstrap\BootProviders->bootstrap()
#29 C:\wamp64\www\GestorImagenes\vendor\laravel\framework\src\Illuminate\Foundation\Http\Kernel.php(199): Illuminate\Foundation\Application->bootstrapWith()
#30 C:\wamp64\www\GestorImagenes\vendor\laravel\framework\src\Illuminate\Foundation\Http\Kernel.php(110): Illuminate\Foundation\Http\Kernel->bootstrap()
#31 C:\wamp64\www\GestorImagenes\vendor\laravel\framework\src\Illuminate\Foundation\Http\Kernel.php(84): Illuminate\Foundation\Http\Kernel->sendRequestThroughRouter()
#32 C:\wamp64\www\GestorImagenes\public\index.php(53): Illuminate\Foundation\Http\Kernel->handle()
#33 C:\wamp64\www\GestorImagenes\public\index.php(0): {main}()
#34 {main}  
[2018-11-10 21:41:28] local.ERROR: exception 'Symfony\Component\Debug\Exception\FatalErrorException' with message 'Namespace declaration statement has to be the very first statement in the script' in C:\wamp64\www\GestorImagenes\app\Http\Controllers\Validacion\ValidacionController.php:1
Stack trace:
#0 C:\wamp64\www\GestorImagenes\vendor\laravel\framework\src\Illuminate\Foundation\Bootstrap\HandleExceptions.php(131): Symfony\Component\Debug\Exception\FatalErrorException->__construct()
#1 C:\wamp64\www\GestorImagenes\vendor\laravel\framework\src\Illuminate\Foundation\Bootstrap\HandleExceptions.php(116): Illuminate\Foundation\Bootstrap\HandleExceptions->fatalExceptionFromError()
#2 C:\wamp64\www\GestorImagenes\vendor\laravel\framework\src\Illuminate\Foundation\Bootstrap\HandleExceptions.php(0): Illuminate\Foundation\Bootstrap\HandleExceptions->handleShutdown()
#3 C:\wamp64\www\GestorImagenes\vendor\composer\ClassLoader.php(322): Composer\Autoload\includeFile()
#4 C:\wamp64\www\GestorImagenes\vendor\laravel\framework\src\Illuminate\Routing\ControllerInspector.php(29): Composer\Autoload\ClassLoader->loadClass()
#5 C:\wamp64\www\GestorImagenes\vendor\laravel\framework\src\Illuminate\Routing\ControllerInspector.php(29): spl_autoload_call()
#6 C:\wamp64\www\GestorImagenes\vendor\laravel\framework\src\Illuminate\Routing\ControllerInspector.php(29): ReflectionClass->__construct()
#7 C:\wamp64\www\GestorImagenes\vendor\laravel\framework\src\Illuminate\Routing\Router.php(251): Illuminate\Routing\ControllerInspector->getRoutable()
#8 C:\wamp64\www\GestorImagenes\vendor\laravel\framework\src\Illuminate\Routing\Router.php(226): Illuminate\Routing\Router->controller()
#9 C:\wamp64\www\GestorImagenes\vendor\laravel\framework\src\Illuminate\Support\Facades\Facade.php(210): Illuminate\Routing\Router->controllers()
#10 C:\wamp64\www\GestorImagenes\app\Http\routes.php(25): Illuminate\Support\Facades\Facade::__callStatic()
#11 C:\wamp64\www\GestorImagenes\app\Http\routes.php(25): Illuminate\Support\Facades\Route::controllers()
#12 C:\wamp64\www\GestorImagenes\app\Providers\RouteServiceProvider.php(40): ()
#13 C:\wamp64\www\GestorImagenes\vendor\laravel\framework\src\Illuminate\Routing\Router.php(352): GestorImagenes\Providers\RouteServiceProvider->GestorImagenes\Providers\{closure}()
#14 C:\wamp64\www\GestorImagenes\vendor\laravel\framework\src\Illuminate\Routing\Router.php(352): call_user_func:{C:\wamp64\www\GestorImagenes\vendor\laravel\framework\src\Illuminate\Routing\Router.php:352}()
#15 C:\wamp64\www\GestorImagenes\app\Providers\RouteServiceProvider.php(41): Illuminate\Routing\Router->group()
#16 C:\wamp64\www\GestorImagenes\vendor\laravel\framework\src\Illuminate\Container\Container.php(526): GestorImagenes\Providers\RouteServiceProvider->map()
#17 C:\wamp64\www\GestorImagenes\vendor\laravel\framework\src\Illuminate\Container\Container.php(526): call_user_func_array:{C:\wamp64\www\GestorImagenes\vendor\laravel\framework\src\Illuminate\Container\Container.php:526}()
#18 C:\wamp64\www\GestorImagenes\vendor\laravel\framework\src\Illuminate\Foundation\Support\Providers\RouteServiceProvider.php(68): Illuminate\Container\Container->call()
#19 C:\wamp64\www\GestorImagenes\vendor\laravel\framework\src\Illuminate\Foundation\Support\Providers\RouteServiceProvider.php(31): Illuminate\Foundation\Support\Providers\RouteServiceProvider->loadRoutes()
#20 C:\wamp64\www\GestorImagenes\app\Providers\RouteServiceProvider.php(25): Illuminate\Foundation\Support\Providers\RouteServiceProvider->boot()
#21 C:\wamp64\www\GestorImagenes\vendor\laravel\framework\src\Illuminate\Container\Container.php(526): GestorImagenes\Providers\RouteServiceProvider->boot()
#22 C:\wamp64\www\GestorImagenes\vendor\laravel\framework\src\Illuminate\Container\Container.php(526): call_user_func_array:{C:\wamp64\www\GestorImagenes\vendor\laravel\framework\src\Illuminate\Container\Container.php:526}()
#23 C:\wamp64\www\GestorImagenes\vendor\laravel\framework\src\Illuminate\Foundation\Application.php(703): Illuminate\Container\Container->call()
#24 C:\wamp64\www\GestorImagenes\vendor\laravel\framework\src\Illuminate\Foundation\Application.php(685): Illuminate\Foundation\Application->bootProvider()
#25 C:\wamp64\www\GestorImagenes\vendor\laravel\framework\src\Illuminate\Foundation\Application.php(686): Illuminate\Foundation\Application->Illuminate\Foundation\{closure}()
#26 C:\wamp64\www\GestorImagenes\vendor\laravel\framework\src\Illuminate\Foundation\Application.php(686): array_walk()
#27 C:\wamp64\www\GestorImagenes\vendor\laravel\framework\src\Illuminate\Foundation\Bootstrap\BootProviders.php(15): Illuminate\Foundation\Application->boot()
#28 C:\wamp64\www\GestorImagenes\vendor\laravel\framework\src\Illuminate\Foundation\Application.php(183): Illuminate\Foundation\Bootstrap\BootProviders->bootstrap()
#29 C:\wamp64\www\GestorImagenes\vendor\laravel\framework\src\Illuminate\Foundation\Http\Kernel.php(199): Illuminate\Foundation\Application->bootstrapWith()
#30 C:\wamp64\www\GestorImagenes\vendor\laravel\framework\src\Illuminate\Foundation\Http\Kernel.php(110): Illuminate\Foundation\Http\Kernel->bootstrap()
#31 C:\wamp64\www\GestorImagenes\vendor\laravel\framework\src\Illuminate\Foundation\Http\Kernel.php(84): Illuminate\Foundation\Http\Kernel->sendRequestThroughRouter()
#32 C:\wamp64\www\GestorImagenes\public\index.php(53): Illuminate\Foundation\Http\Kernel->handle()
#33 C:\wamp64\www\GestorImagenes\public\index.php(0): {main}()
#34 {main}  
[2018-11-10 21:41:34] local.ERROR: exception 'Symfony\Component\Debug\Exception\FatalErrorException' with message 'Namespace declaration statement has to be the very first statement in the script' in C:\wamp64\www\GestorImagenes\app\Http\Controllers\Validacion\ValidacionController.php:1
Stack trace:
#0 C:\wamp64\www\GestorImagenes\vendor\laravel\framework\src\Illuminate\Foundation\Bootstrap\HandleExceptions.php(131): Symfony\Component\Debug\Exception\FatalErrorException->__construct()
#1 C:\wamp64\www\GestorImagenes\vendor\laravel\framework\src\Illuminate\Foundation\Bootstrap\HandleExceptions.php(116): Illuminate\Foundation\Bootstrap\HandleExceptions->fatalExceptionFromError()
#2 C:\wamp64\www\GestorImagenes\vendor\laravel\framework\src\Illuminate\Foundation\Bootstrap\HandleExceptions.php(0): Illuminate\Foundation\Bootstrap\HandleExceptions->handleShutdown()
#3 C:\wamp64\www\GestorImagenes\vendor\composer\ClassLoader.php(322): Composer\Autoload\includeFile()
#4 C:\wamp64\www\GestorImagenes\vendor\laravel\framework\src\Illuminate\Routing\ControllerInspector.php(29): Composer\Autoload\ClassLoader->loadClass()
#5 C:\wamp64\www\GestorImagenes\vendor\laravel\framework\src\Illuminate\Routing\ControllerInspector.php(29): spl_autoload_call()
#6 C:\wamp64\www\GestorImagenes\vendor\laravel\framework\src\Illuminate\Routing\ControllerInspector.php(29): ReflectionClass->__construct()
#7 C:\wamp64\www\GestorImagenes\vendor\laravel\framework\src\Illuminate\Routing\Router.php(251): Illuminate\Routing\ControllerInspector->getRoutable()
#8 C:\wamp64\www\GestorImagenes\vendor\laravel\framework\src\Illuminate\Routing\Router.php(226): Illuminate\Routing\Router->controller()
#9 C:\wamp64\www\GestorImagenes\vendor\laravel\framework\src\Illuminate\Support\Facades\Facade.php(210): Illuminate\Routing\Router->controllers()
#10 C:\wamp64\www\GestorImagenes\app\Http\routes.php(25): Illuminate\Support\Facades\Facade::__callStatic()
#11 C:\wamp64\www\GestorImagenes\app\Http\routes.php(25): Illuminate\Support\Facades\Route::controllers()
#12 C:\wamp64\www\GestorImagenes\app\Providers\RouteServiceProvider.php(40): ()
#13 C:\wamp64\www\GestorImagenes\vendor\laravel\framework\src\Illuminate\Routing\Router.php(352): GestorImagenes\Providers\RouteServiceProvider->GestorImagenes\Providers\{closure}()
#14 C:\wamp64\www\GestorImagenes\vendor\laravel\framework\src\Illuminate\Routing\Router.php(352): call_user_func:{C:\wamp64\www\GestorImagenes\vendor\laravel\framework\src\Illuminate\Routing\Router.php:352}()
#15 C:\wamp64\www\GestorImagenes\app\Providers\RouteServiceProvider.php(41): Illuminate\Routing\Router->group()
#16 C:\wamp64\www\GestorImagenes\vendor\laravel\framework\src\Illuminate\Container\Container.php(526): GestorImagenes\Providers\RouteServiceProvider->map()
#17 C:\wamp64\www\GestorImagenes\vendor\laravel\framework\src\Illuminate\Container\Container.php(526): call_user_func_array:{C:\wamp64\www\GestorImagenes\vendor\laravel\framework\src\Illuminate\Container\Container.php:526}()
#18 C:\wamp64\www\GestorImagenes\vendor\laravel\framework\src\Illuminate\Foundation\Support\Providers\RouteServiceProvider.php(68): Illuminate\Container\Container->call()
#19 C:\wamp64\www\GestorImagenes\vendor\laravel\framework\src\Illuminate\Foundation\Support\Providers\RouteServiceProvider.php(31): Illuminate\Foundation\Support\Providers\RouteServiceProvider->loadRoutes()
#20 C:\wamp64\www\GestorImagenes\app\Providers\RouteServiceProvider.php(25): Illuminate\Foundation\Support\Providers\RouteServiceProvider->boot()
#21 C:\wamp64\www\GestorImagenes\vendor\laravel\framework\src\Illuminate\Container\Container.php(526): GestorImagenes\Providers\RouteServiceProvider->boot()
#22 C:\wamp64\www\GestorImagenes\vendor\laravel\framework\src\Illuminate\Container\Container.php(526): call_user_func_array:{C:\wamp64\www\GestorImagenes\vendor\laravel\framework\src\Illuminate\Container\Container.php:526}()
#23 C:\wamp64\www\GestorImagenes\vendor\laravel\framework\src\Illuminate\Foundation\Application.php(703): Illuminate\Container\Container->call()
#24 C:\wamp64\www\GestorImagenes\vendor\laravel\framework\src\Illuminate\Foundation\Application.php(685): Illuminate\Foundation\Application->bootProvider()
#25 C:\wamp64\www\GestorImagenes\vendor\laravel\framework\src\Illuminate\Foundation\Application.php(686): Illuminate\Foundation\Application->Illuminate\Foundation\{closure}()
#26 C:\wamp64\www\GestorImagenes\vendor\laravel\framework\src\Illuminate\Foundation\Application.php(686): array_walk()
#27 C:\wamp64\www\GestorImagenes\vendor\laravel\framework\src\Illuminate\Foundation\Bootstrap\BootProviders.php(15): Illuminate\Foundation\Application->boot()
#28 C:\wamp64\www\GestorImagenes\vendor\laravel\framework\src\Illuminate\Foundation\Application.php(183): Illuminate\Foundation\Bootstrap\BootProviders->bootstrap()
#29 C:\wamp64\www\GestorImagenes\vendor\laravel\framework\src\Illuminate\Foundation\Http\Kernel.php(199): Illuminate\Foundation\Application->bootstrapWith()
#30 C:\wamp64\www\GestorImagenes\vendor\laravel\framework\src\Illuminate\Foundation\Http\Kernel.php(110): Illuminate\Foundation\Http\Kernel->bootstrap()
#31 C:\wamp64\www\GestorImagenes\vendor\laravel\framework\src\Illuminate\Foundation\Http\Kernel.php(84): Illuminate\Foundation\Http\Kernel->sendRequestThroughRouter()
#32 C:\wamp64\www\GestorImagenes\public\index.php(53): Illuminate\Foundation\Http\Kernel->handle()
#33 C:\wamp64\www\GestorImagenes\public\index.php(0): {main}()
#34 {main}  
[2018-11-10 21:44:39] local.ERROR: exception 'Symfony\Component\Debug\Exception\FatalErrorException' with message 'syntax error, unexpected 'trait' (T_TRAIT), expecting function (T_FUNCTION)' in C:\wamp64\www\GestorImagenes\app\Http\Controllers\Validacion\ValidacionController.php:11
Stack trace:
#0 C:\wamp64\www\GestorImagenes\vendor\laravel\framework\src\Illuminate\Foundation\Bootstrap\HandleExceptions.php(131): Symfony\Component\Debug\Exception\FatalErrorException->__construct()
#1 C:\wamp64\www\GestorImagenes\vendor\laravel\framework\src\Illuminate\Foundation\Bootstrap\HandleExceptions.php(116): Illuminate\Foundation\Bootstrap\HandleExceptions->fatalExceptionFromError()
#2 C:\wamp64\www\GestorImagenes\vendor\laravel\framework\src\Illuminate\Foundation\Bootstrap\HandleExceptions.php(0): Illuminate\Foundation\Bootstrap\HandleExceptions->handleShutdown()
#3 C:\wamp64\www\GestorImagenes\vendor\composer\ClassLoader.php(322): Composer\Autoload\includeFile()
#4 C:\wamp64\www\GestorImagenes\vendor\laravel\framework\src\Illuminate\Routing\ControllerInspector.php(29): Composer\Autoload\ClassLoader->loadClass()
#5 C:\wamp64\www\GestorImagenes\vendor\laravel\framework\src\Illuminate\Routing\ControllerInspector.php(29): spl_autoload_call()
#6 C:\wamp64\www\GestorImagenes\vendor\laravel\framework\src\Illuminate\Routing\ControllerInspector.php(29): ReflectionClass->__construct()
#7 C:\wamp64\www\GestorImagenes\vendor\laravel\framework\src\Illuminate\Routing\Router.php(251): Illuminate\Routing\ControllerInspector->getRoutable()
#8 C:\wamp64\www\GestorImagenes\vendor\laravel\framework\src\Illuminate\Routing\Router.php(226): Illuminate\Routing\Router->controller()
#9 C:\wamp64\www\GestorImagenes\vendor\laravel\framework\src\Illuminate\Support\Facades\Facade.php(210): Illuminate\Routing\Router->controllers()
#10 C:\wamp64\www\GestorImagenes\app\Http\routes.php(25): Illuminate\Support\Facades\Facade::__callStatic()
#11 C:\wamp64\www\GestorImagenes\app\Http\routes.php(25): Illuminate\Support\Facades\Route::controllers()
#12 C:\wamp64\www\GestorImagenes\app\Providers\RouteServiceProvider.php(40): ()
#13 C:\wamp64\www\GestorImagenes\vendor\laravel\framework\src\Illuminate\Routing\Router.php(352): GestorImagenes\Providers\RouteServiceProvider->GestorImagenes\Providers\{closure}()
#14 C:\wamp64\www\GestorImagenes\vendor\laravel\framework\src\Illuminate\Routing\Router.php(352): call_user_func:{C:\wamp64\www\GestorImagenes\vendor\laravel\framework\src\Illuminate\Routing\Router.php:352}()
#15 C:\wamp64\www\GestorImagenes\app\Providers\RouteServiceProvider.php(41): Illuminate\Routing\Router->group()
#16 C:\wamp64\www\GestorImagenes\vendor\laravel\framework\src\Illuminate\Container\Container.php(526): GestorImagenes\Providers\RouteServiceProvider->map()
#17 C:\wamp64\www\GestorImagenes\vendor\laravel\framework\src\Illuminate\Container\Container.php(526): call_user_func_array:{C:\wamp64\www\GestorImagenes\vendor\laravel\framework\src\Illuminate\Container\Container.php:526}()
#18 C:\wamp64\www\GestorImagenes\vendor\laravel\framework\src\Illuminate\Foundation\Support\Providers\RouteServiceProvider.php(68): Illuminate\Container\Container->call()
#19 C:\wamp64\www\GestorImagenes\vendor\laravel\framework\src\Illuminate\Foundation\Support\Providers\RouteServiceProvider.php(31): Illuminate\Foundation\Support\Providers\RouteServiceProvider->loadRoutes()
#20 C:\wamp64\www\GestorImagenes\app\Providers\RouteServiceProvider.php(25): Illuminate\Foundation\Support\Providers\RouteServiceProvider->boot()
#21 C:\wamp64\www\GestorImagenes\vendor\laravel\framework\src\Illuminate\Container\Container.php(526): GestorImagenes\Providers\RouteServiceProvider->boot()
#22 C:\wamp64\www\GestorImagenes\vendor\laravel\framework\src\Illuminate\Container\Container.php(526): call_user_func_array:{C:\wamp64\www\GestorImagenes\vendor\laravel\framework\src\Illuminate\Container\Container.php:526}()
#23 C:\wamp64\www\GestorImagenes\vendor\laravel\framework\src\Illuminate\Foundation\Application.php(703): Illuminate\Container\Container->call()
#24 C:\wamp64\www\GestorImagenes\vendor\laravel\framework\src\Illuminate\Foundation\Application.php(685): Illuminate\Foundation\Application->bootProvider()
#25 C:\wamp64\www\GestorImagenes\vendor\laravel\framework\src\Illuminate\Foundation\Application.php(686): Illuminate\Foundation\Application->Illuminate\Foundation\{closure}()
#26 C:\wamp64\www\GestorImagenes\vendor\laravel\framework\src\Illuminate\Foundation\Application.php(686): array_walk()
#27 C:\wamp64\www\GestorImagenes\vendor\laravel\framework\src\Illuminate\Foundation\Bootstrap\BootProviders.php(15): Illuminate\Foundation\Application->boot()
#28 C:\wamp64\www\GestorImagenes\vendor\laravel\framework\src\Illuminate\Foundation\Application.php(183): Illuminate\Foundation\Bootstrap\BootProviders->bootstrap()
#29 C:\wamp64\www\GestorImagenes\vendor\laravel\framework\src\Illuminate\Foundation\Http\Kernel.php(199): Illuminate\Foundation\Application->bootstrapWith()
#30 C:\wamp64\www\GestorImagenes\vendor\laravel\framework\src\Illuminate\Foundation\Http\Kernel.php(110): Illuminate\Foundation\Http\Kernel->bootstrap()
#31 C:\wamp64\www\GestorImagenes\vendor\laravel\framework\src\Illuminate\Foundation\Http\Kernel.php(84): Illuminate\Foundation\Http\Kernel->sendRequestThroughRouter()
#32 C:\wamp64\www\GestorImagenes\public\index.php(53): Illuminate\Foundation\Http\Kernel->handle()
#33 C:\wamp64\www\GestorImagenes\public\index.php(0): {main}()
#34 {main}  
[2018-11-10 21:46:34] local.ERROR: exception 'ReflectionException' with message 'Class GestorImagenes\Http\Controllers\InicioController does not exist' in C:\wamp64\www\GestorImagenes\vendor\laravel\framework\src\Illuminate\Routing\ControllerInspector.php:29
Stack trace:
#0 C:\wamp64\www\GestorImagenes\vendor\laravel\framework\src\Illuminate\Routing\ControllerInspector.php(29): ReflectionClass->__construct('GestorImagenes\\...')
#1 C:\wamp64\www\GestorImagenes\vendor\laravel\framework\src\Illuminate\Routing\Router.php(251): Illuminate\Routing\ControllerInspector->getRoutable('GestorImagenes\\...', 'validado')
#2 C:\wamp64\www\GestorImagenes\vendor\laravel\framework\src\Illuminate\Routing\Router.php(226): Illuminate\Routing\Router->controller('validado', 'InicioControlle...')
#3 C:\wamp64\www\GestorImagenes\vendor\laravel\framework\src\Illuminate\Support\Facades\Facade.php(210): Illuminate\Routing\Router->controllers(Array)
#4 C:\wamp64\www\GestorImagenes\app\Http\routes.php(25): Illuminate\Support\Facades\Facade::__callStatic('controllers', Array)
#5 C:\wamp64\www\GestorImagenes\app\Http\routes.php(25): Illuminate\Support\Facades\Route::controllers(Array)
#6 C:\wamp64\www\GestorImagenes\app\Providers\RouteServiceProvider.php(40): require('C:\\wamp64\\www\\G...')
#7 [internal function]: GestorImagenes\Providers\RouteServiceProvider->GestorImagenes\Providers\{closure}(Object(Illuminate\Routing\Router))
#8 C:\wamp64\www\GestorImagenes\vendor\laravel\framework\src\Illuminate\Routing\Router.php(352): call_user_func(Object(Closure), Object(Illuminate\Routing\Router))
#9 C:\wamp64\www\GestorImagenes\app\Providers\RouteServiceProvider.php(41): Illuminate\Routing\Router->group(Array, Object(Closure))
#10 [internal function]: GestorImagenes\Providers\RouteServiceProvider->map(Object(Illuminate\Routing\Router))
#11 C:\wamp64\www\GestorImagenes\vendor\laravel\framework\src\Illuminate\Container\Container.php(526): call_user_func_array(Array, Array)
#12 C:\wamp64\www\GestorImagenes\vendor\laravel\framework\src\Illuminate\Foundation\Support\Providers\RouteServiceProvider.php(68): Illuminate\Container\Container->call(Array)
#13 C:\wamp64\www\GestorImagenes\vendor\laravel\framework\src\Illuminate\Foundation\Support\Providers\RouteServiceProvider.php(31): Illuminate\Foundation\Support\Providers\RouteServiceProvider->loadRoutes()
#14 C:\wamp64\www\GestorImagenes\app\Providers\RouteServiceProvider.php(25): Illuminate\Foundation\Support\Providers\RouteServiceProvider->boot(Object(Illuminate\Routing\Router))
#15 [internal function]: GestorImagenes\Providers\RouteServiceProvider->boot(Object(Illuminate\Routing\Router))
#16 C:\wamp64\www\GestorImagenes\vendor\laravel\framework\src\Illuminate\Container\Container.php(526): call_user_func_array(Array, Array)
#17 C:\wamp64\www\GestorImagenes\vendor\laravel\framework\src\Illuminate\Foundation\Application.php(703): Illuminate\Container\Container->call(Array)
#18 C:\wamp64\www\GestorImagenes\vendor\laravel\framework\src\Illuminate\Foundation\Application.php(685): Illuminate\Foundation\Application->bootProvider(Object(GestorImagenes\Providers\RouteServiceProvider))
#19 [internal function]: Illuminate\Foundation\Application->Illuminate\Foundation\{closure}(Object(GestorImagenes\Providers\RouteServiceProvider), 18)
#20 C:\wamp64\www\GestorImagenes\vendor\laravel\framework\src\Illuminate\Foundation\Application.php(686): array_walk(Array, Object(Closure))
#21 C:\wamp64\www\GestorImagenes\vendor\laravel\framework\src\Illuminate\Foundation\Bootstrap\BootProviders.php(15): Illuminate\Foundation\Application->boot()
#22 C:\wamp64\www\GestorImagenes\vendor\laravel\framework\src\Illuminate\Foundation\Application.php(183): Illuminate\Foundation\Bootstrap\BootProviders->bootstrap(Object(Illuminate\Foundation\Application))
#23 C:\wamp64\www\GestorImagenes\vendor\laravel\framework\src\Illuminate\Foundation\Http\Kernel.php(199): Illuminate\Foundation\Application->bootstrapWith(Array)
#24 C:\wamp64\www\GestorImagenes\vendor\laravel\framework\src\Illuminate\Foundation\Http\Kernel.php(110): Illuminate\Foundation\Http\Kernel->bootstrap()
#25 C:\wamp64\www\GestorImagenes\vendor\laravel\framework\src\Illuminate\Foundation\Http\Kernel.php(84): Illuminate\Foundation\Http\Kernel->sendRequestThroughRouter(Object(Illuminate\Http\Request))
#26 C:\wamp64\www\GestorImagenes\public\index.php(53): Illuminate\Foundation\Http\Kernel->handle(Object(Illuminate\Http\Request))
#27 {main}  
[2018-11-10 21:52:18] local.ERROR: exception 'ReflectionException' with message 'Class GestorImagenes\Http\Controllers\InicioController does not exist' in C:\wamp64\www\GestorImagenes\vendor\laravel\framework\src\Illuminate\Routing\ControllerInspector.php:29
Stack trace:
#0 C:\wamp64\www\GestorImagenes\vendor\laravel\framework\src\Illuminate\Routing\ControllerInspector.php(29): ReflectionClass->__construct('GestorImagenes\\...')
#1 C:\wamp64\www\GestorImagenes\vendor\laravel\framework\src\Illuminate\Routing\Router.php(251): Illuminate\Routing\ControllerInspector->getRoutable('GestorImagenes\\...', 'validado')
#2 C:\wamp64\www\GestorImagenes\vendor\laravel\framework\src\Illuminate\Routing\Router.php(226): Illuminate\Routing\Router->controller('validado', 'InicioControlle...')
#3 C:\wamp64\www\GestorImagenes\vendor\laravel\framework\src\Illuminate\Support\Facades\Facade.php(210): Illuminate\Routing\Router->controllers(Array)
#4 C:\wamp64\www\GestorImagenes\app\Http\routes.php(25): Illuminate\Support\Facades\Facade::__callStatic('controllers', Array)
#5 C:\wamp64\www\GestorImagenes\app\Http\routes.php(25): Illuminate\Support\Facades\Route::controllers(Array)
#6 C:\wamp64\www\GestorImagenes\app\Providers\RouteServiceProvider.php(40): require('C:\\wamp64\\www\\G...')
#7 [internal function]: GestorImagenes\Providers\RouteServiceProvider->GestorImagenes\Providers\{closure}(Object(Illuminate\Routing\Router))
#8 C:\wamp64\www\GestorImagenes\vendor\laravel\framework\src\Illuminate\Routing\Router.php(352): call_user_func(Object(Closure), Object(Illuminate\Routing\Router))
#9 C:\wamp64\www\GestorImagenes\app\Providers\RouteServiceProvider.php(41): Illuminate\Routing\Router->group(Array, Object(Closure))
#10 [internal function]: GestorImagenes\Providers\RouteServiceProvider->map(Object(Illuminate\Routing\Router))
#11 C:\wamp64\www\GestorImagenes\vendor\laravel\framework\src\Illuminate\Container\Container.php(526): call_user_func_array(Array, Array)
#12 C:\wamp64\www\GestorImagenes\vendor\laravel\framework\src\Illuminate\Foundation\Support\Providers\RouteServiceProvider.php(68): Illuminate\Container\Container->call(Array)
#13 C:\wamp64\www\GestorImagenes\vendor\laravel\framework\src\Illuminate\Foundation\Support\Providers\RouteServiceProvider.php(31): Illuminate\Foundation\Support\Providers\RouteServiceProvider->loadRoutes()
#14 C:\wamp64\www\GestorImagenes\app\Providers\RouteServiceProvider.php(25): Illuminate\Foundation\Support\Providers\RouteServiceProvider->boot(Object(Illuminate\Routing\Router))
#15 [internal function]: GestorImagenes\Providers\RouteServiceProvider->boot(Object(Illuminate\Routing\Router))
#16 C:\wamp64\www\GestorImagenes\vendor\laravel\framework\src\Illuminate\Container\Container.php(526): call_user_func_array(Array, Array)
#17 C:\wamp64\www\GestorImagenes\vendor\laravel\framework\src\Illuminate\Foundation\Application.php(703): Illuminate\Container\Container->call(Array)
#18 C:\wamp64\www\GestorImagenes\vendor\laravel\framework\src\Illuminate\Foundation\Application.php(685): Illuminate\Foundation\Application->bootProvider(Object(GestorImagenes\Providers\RouteServiceProvider))
#19 [internal function]: Illuminate\Foundation\Application->Illuminate\Foundation\{closure}(Object(GestorImagenes\Providers\RouteServiceProvider), 18)
#20 C:\wamp64\www\GestorImagenes\vendor\laravel\framework\src\Illuminate\Foundation\Application.php(686): array_walk(Array, Object(Closure))
#21 C:\wamp64\www\GestorImagenes\vendor\laravel\framework\src\Illuminate\Foundation\Bootstrap\BootProviders.php(15): Illuminate\Foundation\Application->boot()
#22 C:\wamp64\www\GestorImagenes\vendor\laravel\framework\src\Illuminate\Foundation\Application.php(183): Illuminate\Foundation\Bootstrap\BootProviders->bootstrap(Object(Illuminate\Foundation\Application))
#23 C:\wamp64\www\GestorImagenes\vendor\laravel\framework\src\Illuminate\Foundation\Http\Kernel.php(199): Illuminate\Foundation\Application->bootstrapWith(Array)
#24 C:\wamp64\www\GestorImagenes\vendor\laravel\framework\src\Illuminate\Foundation\Http\Kernel.php(110): Illuminate\Foundation\Http\Kernel->bootstrap()
#25 C:\wamp64\www\GestorImagenes\vendor\laravel\framework\src\Illuminate\Foundation\Http\Kernel.php(84): Illuminate\Foundation\Http\Kernel->sendRequestThroughRouter(Object(Illuminate\Http\Request))
#26 C:\wamp64\www\GestorImagenes\public\index.php(53): Illuminate\Foundation\Http\Kernel->handle(Object(Illuminate\Http\Request))
#27 {main}  
[2018-11-10 23:13:52] local.ERROR: exception 'Symfony\Component\Debug\Exception\FatalErrorException' with message 'syntax error, unexpected '';' (T_CONSTANT_ENCAPSED_STRING)' in C:\wamp64\www\GestorImagenes\app\Http\Controllers\Validacion\ValidacionController.php:140
Stack trace:
#0 C:\wamp64\www\GestorImagenes\vendor\laravel\framework\src\Illuminate\Foundation\Bootstrap\HandleExceptions.php(131): Symfony\Component\Debug\Exception\FatalErrorException->__construct()
#1 C:\wamp64\www\GestorImagenes\vendor\laravel\framework\src\Illuminate\Foundation\Bootstrap\HandleExceptions.php(116): Illuminate\Foundation\Bootstrap\HandleExceptions->fatalExceptionFromError()
#2 C:\wamp64\www\GestorImagenes\vendor\laravel\framework\src\Illuminate\Foundation\Bootstrap\HandleExceptions.php(0): Illuminate\Foundation\Bootstrap\HandleExceptions->handleShutdown()
#3 C:\wamp64\www\GestorImagenes\vendor\composer\ClassLoader.php(322): Composer\Autoload\includeFile()
#4 C:\wamp64\www\GestorImagenes\vendor\laravel\framework\src\Illuminate\Routing\ControllerInspector.php(29): Composer\Autoload\ClassLoader->loadClass()
#5 C:\wamp64\www\GestorImagenes\vendor\laravel\framework\src\Illuminate\Routing\ControllerInspector.php(29): spl_autoload_call()
#6 C:\wamp64\www\GestorImagenes\vendor\laravel\framework\src\Illuminate\Routing\ControllerInspector.php(29): ReflectionClass->__construct()
#7 C:\wamp64\www\GestorImagenes\vendor\laravel\framework\src\Illuminate\Routing\Router.php(251): Illuminate\Routing\ControllerInspector->getRoutable()
#8 C:\wamp64\www\GestorImagenes\vendor\laravel\framework\src\Illuminate\Routing\Router.php(226): Illuminate\Routing\Router->controller()
#9 C:\wamp64\www\GestorImagenes\vendor\laravel\framework\src\Illuminate\Support\Facades\Facade.php(210): Illuminate\Routing\Router->controllers()
#10 C:\wamp64\www\GestorImagenes\app\Http\routes.php(25): Illuminate\Support\Facades\Facade::__callStatic()
#11 C:\wamp64\www\GestorImagenes\app\Http\routes.php(25): Illuminate\Support\Facades\Route::controllers()
#12 C:\wamp64\www\GestorImagenes\app\Providers\RouteServiceProvider.php(40): ()
#13 C:\wamp64\www\GestorImagenes\vendor\laravel\framework\src\Illuminate\Routing\Router.php(352): GestorImagenes\Providers\RouteServiceProvider->GestorImagenes\Providers\{closure}()
#14 C:\wamp64\www\GestorImagenes\vendor\laravel\framework\src\Illuminate\Routing\Router.php(352): call_user_func:{C:\wamp64\www\GestorImagenes\vendor\laravel\framework\src\Illuminate\Routing\Router.php:352}()
#15 C:\wamp64\www\GestorImagenes\app\Providers\RouteServiceProvider.php(41): Illuminate\Routing\Router->group()
#16 C:\wamp64\www\GestorImagenes\vendor\laravel\framework\src\Illuminate\Container\Container.php(526): GestorImagenes\Providers\RouteServiceProvider->map()
#17 C:\wamp64\www\GestorImagenes\vendor\laravel\framework\src\Illuminate\Container\Container.php(526): call_user_func_array:{C:\wamp64\www\GestorImagenes\vendor\laravel\framework\src\Illuminate\Container\Container.php:526}()
#18 C:\wamp64\www\GestorImagenes\vendor\laravel\framework\src\Illuminate\Foundation\Support\Providers\RouteServiceProvider.php(68): Illuminate\Container\Container->call()
#19 C:\wamp64\www\GestorImagenes\vendor\laravel\framework\src\Illuminate\Foundation\Support\Providers\RouteServiceProvider.php(31): Illuminate\Foundation\Support\Providers\RouteServiceProvider->loadRoutes()
#20 C:\wamp64\www\GestorImagenes\app\Providers\RouteServiceProvider.php(25): Illuminate\Foundation\Support\Providers\RouteServiceProvider->boot()
#21 C:\wamp64\www\GestorImagenes\vendor\laravel\framework\src\Illuminate\Container\Container.php(526): GestorImagenes\Providers\RouteServiceProvider->boot()
#22 C:\wamp64\www\GestorImagenes\vendor\laravel\framework\src\Illuminate\Container\Container.php(526): call_user_func_array:{C:\wamp64\www\GestorImagenes\vendor\laravel\framework\src\Illuminate\Container\Container.php:526}()
#23 C:\wamp64\www\GestorImagenes\vendor\laravel\framework\src\Illuminate\Foundation\Application.php(703): Illuminate\Container\Container->call()
#24 C:\wamp64\www\GestorImagenes\vendor\laravel\framework\src\Illuminate\Foundation\Application.php(685): Illuminate\Foundation\Application->bootProvider()
#25 C:\wamp64\www\GestorImagenes\vendor\laravel\framework\src\Illuminate\Foundation\Application.php(686): Illuminate\Foundation\Application->Illuminate\Foundation\{closure}()
#26 C:\wamp64\www\GestorImagenes\vendor\laravel\framework\src\Illuminate\Foundation\Application.php(686): array_walk()
#27 C:\wamp64\www\GestorImagenes\vendor\laravel\framework\src\Illuminate\Foundation\Bootstrap\BootProviders.php(15): Illuminate\Foundation\Application->boot()
#28 C:\wamp64\www\GestorImagenes\vendor\laravel\framework\src\Illuminate\Foundation\Application.php(183): Illuminate\Foundation\Bootstrap\BootProviders->bootstrap()
#29 C:\wamp64\www\GestorImagenes\vendor\laravel\framework\src\Illuminate\Foundation\Http\Kernel.php(199): Illuminate\Foundation\Application->bootstrapWith()
#30 C:\wamp64\www\GestorImagenes\vendor\laravel\framework\src\Illuminate\Foundation\Http\Kernel.php(110): Illuminate\Foundation\Http\Kernel->bootstrap()
#31 C:\wamp64\www\GestorImagenes\vendor\laravel\framework\src\Illuminate\Foundation\Http\Kernel.php(84): Illuminate\Foundation\Http\Kernel->sendRequestThroughRouter()
#32 C:\wamp64\www\GestorImagenes\public\index.php(53): Illuminate\Foundation\Http\Kernel->handle()
#33 C:\wamp64\www\GestorImagenes\public\index.php(0): {main}()
#34 {main}  
